<?xml version="1.0" encoding="UTF-8"?>
<testng-results ignored="0" total="15" passed="14" failed="1" skipped="0">
  <reporter-output>
  </reporter-output>
  <suite started-at="2022-08-12T11:14:22 IST" name="Suite" finished-at="2022-08-12T11:18:24 IST" duration-ms="242512">
    <groups>
    </groups>
    <test started-at="2022-08-12T11:14:22 IST" name="Test" finished-at="2022-08-12T11:18:24 IST" duration-ms="242512">
      <class name="com.fb.qa.testcase.LoginPageTest">
        <test-method is-config="true" signature="setUp()[pri:0, instance:com.fb.qa.testcase.LoginPageTest@5c7bfdc1]" started-at="2022-08-12T11:17:18 IST" name="setUp" finished-at="2022-08-12T11:17:31 IST" duration-ms="12689" status="PASS">
          <reporter-output>
          </reporter-output>
        </test-method> <!-- setUp -->
        <test-method signature="LoginPageTitle()[pri:0, instance:com.fb.qa.testcase.LoginPageTest@5c7bfdc1]" started-at="2022-08-12T11:17:31 IST" name="LoginPageTitle" finished-at="2022-08-12T11:17:31 IST" duration-ms="22" status="PASS">
          <reporter-output>
          </reporter-output>
        </test-method> <!-- LoginPageTitle -->
        <test-method is-config="true" signature="tearDown()[pri:0, instance:com.fb.qa.testcase.LoginPageTest@5c7bfdc1]" started-at="2022-08-12T11:17:31 IST" name="tearDown" finished-at="2022-08-12T11:17:34 IST" duration-ms="2366" status="PASS">
          <reporter-output>
          </reporter-output>
        </test-method> <!-- tearDown -->
        <test-method is-config="true" signature="setUp()[pri:0, instance:com.fb.qa.testcase.LoginPageTest@5c7bfdc1]" started-at="2022-08-12T11:17:34 IST" name="setUp" finished-at="2022-08-12T11:17:46 IST" duration-ms="12012" status="PASS">
          <reporter-output>
          </reporter-output>
        </test-method> <!-- setUp -->
        <test-method signature="loginTest()[pri:1, instance:com.fb.qa.testcase.LoginPageTest@5c7bfdc1]" started-at="2022-08-12T11:17:46 IST" name="loginTest" finished-at="2022-08-12T11:17:59 IST" duration-ms="13585" status="PASS">
          <reporter-output>
          </reporter-output>
        </test-method> <!-- loginTest -->
        <test-method is-config="true" signature="tearDown()[pri:0, instance:com.fb.qa.testcase.LoginPageTest@5c7bfdc1]" started-at="2022-08-12T11:17:59 IST" name="tearDown" finished-at="2022-08-12T11:18:01 IST" duration-ms="2225" status="PASS">
          <reporter-output>
          </reporter-output>
        </test-method> <!-- tearDown -->
      </class> <!-- com.fb.qa.testcase.LoginPageTest -->
      <class name="com.fb.qa.util.ExcelDataProviderTest">
        <test-method is-config="true" signature="setUpTest()[pri:0, instance:com.fb.qa.util.ExcelDataProviderTest@25ce9dc4]" started-at="2022-08-12T11:14:29 IST" name="setUpTest" finished-at="2022-08-12T11:14:40 IST" duration-ms="11070" status="PASS">
          <reporter-output>
          </reporter-output>
        </test-method> <!-- setUpTest -->
        <test-method signature="test1(java.lang.String,java.lang.String)[pri:0, instance:com.fb.qa.util.ExcelDataProviderTest@25ce9dc4]" started-at="2022-08-12T11:14:43 IST" name="test1" data-provider="testData" finished-at="2022-08-12T11:14:50 IST" duration-ms="6956" status="PASS">
          <params>
            <param index="0">
              <value>
                <![CDATA[vishalpalode@gmail.com]]>
              </value>
            </param>
            <param index="1">
              <value>
                <![CDATA[vishal]]>
              </value>
            </param>
          </params>
          <reporter-output>
          </reporter-output>
        </test-method> <!-- test1 -->
        <test-method signature="test1(java.lang.String,java.lang.String)[pri:0, instance:com.fb.qa.util.ExcelDataProviderTest@25ce9dc4]" started-at="2022-08-12T11:14:50 IST" name="test1" data-provider="testData" finished-at="2022-08-12T11:14:55 IST" duration-ms="5497" status="PASS">
          <params>
            <param index="0">
              <value>
                <![CDATA[vishalpalode98@gmail.com]]>
              </value>
            </param>
            <param index="1">
              <value>
                <![CDATA[vishalp]]>
              </value>
            </param>
          </params>
          <reporter-output>
          </reporter-output>
        </test-method> <!-- test1 -->
        <test-method signature="test1(java.lang.String,java.lang.String)[pri:0, instance:com.fb.qa.util.ExcelDataProviderTest@25ce9dc4]" started-at="2022-08-12T11:14:55 IST" name="test1" data-provider="testData" finished-at="2022-08-12T11:15:06 IST" duration-ms="10989" status="PASS">
          <params>
            <param index="0">
              <value>
                <![CDATA[vishalpalode9899@gmail.com]]>
              </value>
            </param>
            <param index="1">
              <value>
                <![CDATA[virapa]]>
              </value>
            </param>
          </params>
          <reporter-output>
          </reporter-output>
        </test-method> <!-- test1 -->
      </class> <!-- com.fb.qa.util.ExcelDataProviderTest -->
      <class name="com.fb.qa.testcase.SignUpPage_Test">
        <test-method is-config="true" signature="setUp()[pri:0, instance:com.fb.qa.testcase.SignUpPage_Test@3e8c3cb]" started-at="2022-08-12T11:15:06 IST" name="setUp" finished-at="2022-08-12T11:15:17 IST" duration-ms="11211" status="PASS">
          <reporter-output>
          </reporter-output>
        </test-method> <!-- setUp -->
        <test-method signature="signUpPageTitleTest()[pri:1, instance:com.fb.qa.testcase.SignUpPage_Test@3e8c3cb]" started-at="2022-08-12T11:15:17 IST" name="signUpPageTitleTest" finished-at="2022-08-12T11:15:17 IST" duration-ms="14" status="PASS">
          <reporter-output>
          </reporter-output>
        </test-method> <!-- signUpPageTitleTest -->
        <test-method is-config="true" signature="tearDown()[pri:0, instance:com.fb.qa.testcase.SignUpPage_Test@3e8c3cb]" started-at="2022-08-12T11:15:17 IST" name="tearDown" finished-at="2022-08-12T11:15:19 IST" duration-ms="1741" status="PASS">
          <reporter-output>
          </reporter-output>
        </test-method> <!-- tearDown -->
        <test-method is-config="true" signature="setUp()[pri:0, instance:com.fb.qa.testcase.SignUpPage_Test@3e8c3cb]" started-at="2022-08-12T11:15:19 IST" name="setUp" finished-at="2022-08-12T11:15:28 IST" duration-ms="8899" status="PASS">
          <reporter-output>
          </reporter-output>
        </test-method> <!-- setUp -->
        <test-method signature="SignUpTest()[pri:2, instance:com.fb.qa.testcase.SignUpPage_Test@3e8c3cb]" started-at="2022-08-12T11:15:28 IST" name="SignUpTest" finished-at="2022-08-12T11:15:32 IST" duration-ms="4264" status="PASS">
          <reporter-output>
          </reporter-output>
        </test-method> <!-- SignUpTest -->
        <test-method is-config="true" signature="tearDown()[pri:0, instance:com.fb.qa.testcase.SignUpPage_Test@3e8c3cb]" started-at="2022-08-12T11:15:32 IST" name="tearDown" finished-at="2022-08-12T11:15:34 IST" duration-ms="1657" status="PASS">
          <reporter-output>
          </reporter-output>
        </test-method> <!-- tearDown -->
      </class> <!-- com.fb.qa.testcase.SignUpPage_Test -->
      <class name="com.fb.qa.testcase.ProfilePageTest">
        <test-method is-config="true" signature="setUp()[pri:0, instance:com.fb.qa.testcase.ProfilePageTest@563f38c4]" started-at="2022-08-12T11:15:34 IST" name="setUp" finished-at="2022-08-12T11:15:51 IST" duration-ms="16999" status="PASS">
          <reporter-output>
          </reporter-output>
        </test-method> <!-- setUp -->
        <test-method signature="checkProfilePageTest()[pri:1, instance:com.fb.qa.testcase.ProfilePageTest@563f38c4]" started-at="2022-08-12T11:15:51 IST" name="checkProfilePageTest" finished-at="2022-08-12T11:15:52 IST" duration-ms="865" status="PASS">
          <reporter-output>
          </reporter-output>
        </test-method> <!-- checkProfilePageTest -->
        <test-method is-config="true" signature="tearDown()[pri:0, instance:com.fb.qa.testcase.ProfilePageTest@563f38c4]" started-at="2022-08-12T11:15:52 IST" name="tearDown" finished-at="2022-08-12T11:15:55 IST" duration-ms="3043" status="PASS">
          <reporter-output>
          </reporter-output>
        </test-method> <!-- tearDown -->
        <test-method is-config="true" signature="setUp()[pri:0, instance:com.fb.qa.testcase.ProfilePageTest@563f38c4]" started-at="2022-08-12T11:15:55 IST" name="setUp" finished-at="2022-08-12T11:16:08 IST" duration-ms="12654" status="PASS">
          <reporter-output>
          </reporter-output>
        </test-method> <!-- setUp -->
        <test-method signature="checkBioDataEntryTest()[pri:2, instance:com.fb.qa.testcase.ProfilePageTest@563f38c4]" started-at="2022-08-12T11:16:08 IST" name="checkBioDataEntryTest" finished-at="2022-08-12T11:16:16 IST" duration-ms="8374" status="PASS">
          <reporter-output>
          </reporter-output>
        </test-method> <!-- checkBioDataEntryTest -->
        <test-method is-config="true" signature="tearDown()[pri:0, instance:com.fb.qa.testcase.ProfilePageTest@563f38c4]" started-at="2022-08-12T11:16:16 IST" name="tearDown" finished-at="2022-08-12T11:16:18 IST" duration-ms="1885" status="PASS">
          <reporter-output>
          </reporter-output>
        </test-method> <!-- tearDown -->
        <test-method is-config="true" signature="setUp()[pri:0, instance:com.fb.qa.testcase.ProfilePageTest@563f38c4]" started-at="2022-08-12T11:16:18 IST" name="setUp" finished-at="2022-08-12T11:16:33 IST" duration-ms="15623" status="PASS">
          <reporter-output>
          </reporter-output>
        </test-method> <!-- setUp -->
        <test-method signature="seeAllPhotosTest()[pri:3, instance:com.fb.qa.testcase.ProfilePageTest@563f38c4]" started-at="2022-08-12T11:16:33 IST" name="seeAllPhotosTest" finished-at="2022-08-12T11:16:42 IST" duration-ms="8121" status="PASS">
          <reporter-output>
          </reporter-output>
        </test-method> <!-- seeAllPhotosTest -->
        <test-method is-config="true" signature="tearDown()[pri:0, instance:com.fb.qa.testcase.ProfilePageTest@563f38c4]" started-at="2022-08-12T11:16:42 IST" name="tearDown" finished-at="2022-08-12T11:16:46 IST" duration-ms="4396" status="PASS">
          <reporter-output>
          </reporter-output>
        </test-method> <!-- tearDown -->
      </class> <!-- com.fb.qa.testcase.ProfilePageTest -->
      <class name="com.fb.qa.testcase.HomePageTest">
        <test-method is-config="true" signature="setUp()[pri:0, instance:com.fb.qa.testcase.HomePageTest@3e27ba32]" started-at="2022-08-12T11:16:46 IST" name="setUp" finished-at="2022-08-12T11:16:59 IST" duration-ms="13517" status="PASS">
          <reporter-output>
          </reporter-output>
        </test-method> <!-- setUp -->
        <test-method signature="verifyHomePageTitleTest()[pri:1, instance:com.fb.qa.testcase.HomePageTest@3e27ba32]" started-at="2022-08-12T11:16:59 IST" name="verifyHomePageTitleTest" finished-at="2022-08-12T11:17:00 IST" duration-ms="9" status="PASS">
          <reporter-output>
          </reporter-output>
        </test-method> <!-- verifyHomePageTitleTest -->
        <test-method is-config="true" signature="setUp()[pri:0, instance:com.fb.qa.testcase.HomePageTest@3e27ba32]" started-at="2022-08-12T11:17:00 IST" name="setUp" finished-at="2022-08-12T11:17:14 IST" duration-ms="14399" status="PASS">
          <reporter-output>
          </reporter-output>
        </test-method> <!-- setUp -->
        <test-method signature="verifyUsernameTest()[pri:2, instance:com.fb.qa.testcase.HomePageTest@3e27ba32]" started-at="2022-08-12T11:17:14 IST" name="verifyUsernameTest" finished-at="2022-08-12T11:17:18 IST" duration-ms="4432" status="FAIL">
          <exception class="java.lang.AssertionError">
            <message>
              <![CDATA[expected [true] but found [false]]]>
            </message>
            <full-stacktrace>
              <![CDATA[java.lang.AssertionError: expected [true] but found [false]
at org.testng.Assert.fail(Assert.java:99)
at org.testng.Assert.failNotEquals(Assert.java:1037)
at org.testng.Assert.assertTrue(Assert.java:45)
at org.testng.Assert.assertTrue(Assert.java:55)
at com.fb.qa.testcase.HomePageTest.verifyUsernameTest(HomePageTest.java:39)
at java.base/jdk.internal.reflect.NativeMethodAccessorImpl.invoke0(Native Method)
at java.base/jdk.internal.reflect.NativeMethodAccessorImpl.invoke(NativeMethodAccessorImpl.java:77)
at java.base/jdk.internal.reflect.DelegatingMethodAccessorImpl.invoke(DelegatingMethodAccessorImpl.java:43)
at java.base/java.lang.reflect.Method.invoke(Method.java:568)
at org.testng.internal.MethodInvocationHelper.invokeMethod(MethodInvocationHelper.java:133)
at org.testng.internal.TestInvoker.invokeMethod(TestInvoker.java:598)
at org.testng.internal.TestInvoker.invokeTestMethod(TestInvoker.java:173)
at org.testng.internal.MethodRunner.runInSequence(MethodRunner.java:46)
at org.testng.internal.TestInvoker$MethodInvocationAgent.invoke(TestInvoker.java:824)
at org.testng.internal.TestInvoker.invokeTestMethods(TestInvoker.java:146)
at org.testng.internal.TestMethodWorker.invokeTestMethods(TestMethodWorker.java:146)
at org.testng.internal.TestMethodWorker.run(TestMethodWorker.java:128)
at java.base/java.util.ArrayList.forEach(ArrayList.java:1511)
at org.testng.TestRunner.privateRun(TestRunner.java:794)
at org.testng.TestRunner.run(TestRunner.java:596)
at org.testng.SuiteRunner.runTest(SuiteRunner.java:377)
at org.testng.SuiteRunner.runSequentially(SuiteRunner.java:371)
at org.testng.SuiteRunner.privateRun(SuiteRunner.java:332)
at org.testng.SuiteRunner.run(SuiteRunner.java:276)
at org.testng.SuiteRunnerWorker.runSuite(SuiteRunnerWorker.java:53)
at org.testng.SuiteRunnerWorker.run(SuiteRunnerWorker.java:96)
at org.testng.TestNG.runSuitesSequentially(TestNG.java:1212)
at org.testng.TestNG.runSuitesLocally(TestNG.java:1134)
at org.testng.TestNG.runSuites(TestNG.java:1063)
at org.testng.TestNG.run(TestNG.java:1031)
at org.testng.remote.AbstractRemoteTestNG.run(AbstractRemoteTestNG.java:115)
at org.testng.remote.RemoteTestNG.initAndRun(RemoteTestNG.java:251)
at org.testng.remote.RemoteTestNG.main(RemoteTestNG.java:77)
]]>
            </full-stacktrace>
          </exception> <!-- java.lang.AssertionError -->
          <reporter-output>
          </reporter-output>
        </test-method> <!-- verifyUsernameTest -->
      </class> <!-- com.fb.qa.testcase.HomePageTest -->
      <class name="com.fb.excel.ExcelDataProviderTest">
        <test-method is-config="true" signature="setUpTest()[pri:0, instance:com.fb.excel.ExcelDataProviderTest@5276d6ee]" started-at="2022-08-12T11:14:22 IST" name="setUpTest" finished-at="2022-08-12T11:14:29 IST" duration-ms="7464" status="PASS">
          <reporter-output>
          </reporter-output>
        </test-method> <!-- setUpTest -->
        <test-method signature="test1(java.lang.String,java.lang.String)[pri:0, instance:com.fb.excel.ExcelDataProviderTest@5276d6ee]" started-at="2022-08-12T11:18:01 IST" name="test1" data-provider="testData" finished-at="2022-08-12T11:18:11 IST" duration-ms="9253" status="PASS">
          <params>
            <param index="0">
              <value>
                <![CDATA[vishalpalode@gmail.com]]>
              </value>
            </param>
            <param index="1">
              <value>
                <![CDATA[vishal]]>
              </value>
            </param>
          </params>
          <reporter-output>
          </reporter-output>
        </test-method> <!-- test1 -->
        <test-method signature="test1(java.lang.String,java.lang.String)[pri:0, instance:com.fb.excel.ExcelDataProviderTest@5276d6ee]" started-at="2022-08-12T11:18:11 IST" name="test1" data-provider="testData" finished-at="2022-08-12T11:18:16 IST" duration-ms="5622" status="PASS">
          <params>
            <param index="0">
              <value>
                <![CDATA[vishalpalode98@gmail.com]]>
              </value>
            </param>
            <param index="1">
              <value>
                <![CDATA[vishalp]]>
              </value>
            </param>
          </params>
          <reporter-output>
          </reporter-output>
        </test-method> <!-- test1 -->
        <test-method signature="test1(java.lang.String,java.lang.String)[pri:0, instance:com.fb.excel.ExcelDataProviderTest@5276d6ee]" started-at="2022-08-12T11:18:16 IST" name="test1" data-provider="testData" finished-at="2022-08-12T11:18:24 IST" duration-ms="8087" status="PASS">
          <params>
            <param index="0">
              <value>
                <![CDATA[vishalpalode9899@gmail.com]]>
              </value>
            </param>
            <param index="1">
              <value>
                <![CDATA[virapa]]>
              </value>
            </param>
          </params>
          <reporter-output>
          </reporter-output>
        </test-method> <!-- test1 -->
      </class> <!-- com.fb.excel.ExcelDataProviderTest -->
    </test> <!-- Test -->
  </suite> <!-- Suite -->
</testng-results>
